CREATE DIR app/code/local/MagicToolbox
CREATE DIR app/code/local/MagicToolbox/MagicZoom
CREATE DIR app/code/local/MagicToolbox/MagicZoom/core
CREATE FILE app/code/local/MagicToolbox/MagicZoom/core/magicscroll.module.core.class.php
CREATE FILE app/code/local/MagicToolbox/MagicZoom/core/magiczoom.module.core.class.php
CREATE FILE app/code/local/MagicToolbox/MagicZoom/core/magictoolbox.templatehelper.class.php
CREATE FILE app/code/local/MagicToolbox/MagicZoom/core/magictoolbox.params.class.php
CREATE FILE app/code/local/MagicToolbox/MagicZoom/core/magictoolbox.attributeshelper.class.php
CREATE DIR app/code/local/MagicToolbox/MagicZoom/sql
CREATE DIR app/code/local/MagicToolbox/MagicZoom/sql/magiczoom_setup
CREATE FILE app/code/local/MagicToolbox/MagicZoom/sql/magiczoom_setup/mysql4-install-4.9.25.php
CREATE DIR app/code/local/MagicToolbox/MagicZoom/etc
CREATE FILE app/code/local/MagicToolbox/MagicZoom/etc/config.xml
CREATE FILE app/code/local/MagicToolbox/MagicZoom/etc/adminhtml.xml
CREATE DIR app/code/local/MagicToolbox/MagicZoom/Model
CREATE DIR app/code/local/MagicToolbox/MagicZoom/Model/Mysql4
CREATE FILE app/code/local/MagicToolbox/MagicZoom/Model/Mysql4/Settings.php
CREATE DIR app/code/local/MagicToolbox/MagicZoom/Model/Mysql4/Settings
CREATE FILE app/code/local/MagicToolbox/MagicZoom/Model/Mysql4/Settings/Collection.php
CREATE FILE app/code/local/MagicToolbox/MagicZoom/Model/Settings.php
CREATE FILE app/code/local/MagicToolbox/MagicZoom/Model/Observer.php
CREATE DIR app/code/local/MagicToolbox/MagicZoom/Block
CREATE DIR app/code/local/MagicToolbox/MagicZoom/Block/Html
CREATE FILE app/code/local/MagicToolbox/MagicZoom/Block/Html/Head.php
CREATE DIR app/code/local/MagicToolbox/MagicZoom/Block/Adminhtml
CREATE FILE app/code/local/MagicToolbox/MagicZoom/Block/Adminhtml/Settings.php
CREATE DIR app/code/local/MagicToolbox/MagicZoom/Block/Adminhtml/Settings
CREATE FILE app/code/local/MagicToolbox/MagicZoom/Block/Adminhtml/Settings/Form.php
CREATE FILE app/code/local/MagicToolbox/MagicZoom/Block/Adminhtml/Settings/Grid.php
CREATE DIR app/code/local/MagicToolbox/MagicZoom/Block/Adminhtml/Settings/Edit
CREATE FILE app/code/local/MagicToolbox/MagicZoom/Block/Adminhtml/Settings/Edit/Tabs.php
CREATE DIR app/code/local/MagicToolbox/MagicZoom/Block/Adminhtml/Settings/Edit/Tab
CREATE DIR app/code/local/MagicToolbox/MagicZoom/Block/Adminhtml/Settings/Edit/Tab/Form
CREATE DIR app/code/local/MagicToolbox/MagicZoom/Block/Adminhtml/Settings/Edit/Tab/Form/Element
CREATE FILE app/code/local/MagicToolbox/MagicZoom/Block/Adminhtml/Settings/Edit/Tab/Form/Element/Radios.php
CREATE FILE app/code/local/MagicToolbox/MagicZoom/Block/Adminhtml/Settings/Edit/Tab/Form.php
CREATE FILE app/code/local/MagicToolbox/MagicZoom/Block/Adminhtml/Settings/Edit/Form.php
CREATE FILE app/code/local/MagicToolbox/MagicZoom/Block/Adminhtml/Settings/Edit.php
CREATE FILE app/code/local/MagicToolbox/MagicZoom/Block/Header.php
CREATE DIR app/code/local/MagicToolbox/MagicZoom/Block/Product
CREATE FILE app/code/local/MagicToolbox/MagicZoom/Block/Product/New.php
CREATE DIR app/code/local/MagicToolbox/MagicZoom/Block/Product/View
CREATE DIR app/code/local/MagicToolbox/MagicZoom/Block/Product/View/Options
CREATE DIR app/code/local/MagicToolbox/MagicZoom/Block/Product/View/Options/Type
CREATE FILE app/code/local/MagicToolbox/MagicZoom/Block/Product/View/Options/Type/Select.php
CREATE DIR app/code/local/MagicToolbox/MagicZoom/Helper
CREATE FILE app/code/local/MagicToolbox/MagicZoom/Helper/Params.php
CREATE FILE app/code/local/MagicToolbox/MagicZoom/Helper/Data.php
CREATE FILE app/code/local/MagicToolbox/MagicZoom/Helper/Settings.php
CREATE DIR app/code/local/MagicToolbox/MagicZoom/controllers
CREATE FILE app/code/local/MagicToolbox/MagicZoom/controllers/MagiczoomController.php
CREATE DIR app/design/adminhtml/default/default/template/magiczoom
CREATE FILE app/design/adminhtml/default/default/template/magiczoom/settings.phtml
CREATE FILE app/design/adminhtml/default/default/layout/magiczoom.xml
CREATE DIR app/design/frontend/base/default/template/magiczoom
CREATE FILE app/design/frontend/base/default/template/magiczoom/magictoolbox_list.phtml
CREATE FILE app/design/frontend/base/default/template/magiczoom/header.phtml
CREATE FILE app/design/frontend/base/default/template/magiczoom/list.phtml
CREATE FILE app/design/frontend/base/default/template/magiczoom/new.phtml
CREATE DIR app/design/frontend/base/default/template/magiczoom/templates
CREATE FILE app/design/frontend/base/default/template/magiczoom/templates/right.tpl.php
CREATE FILE app/design/frontend/base/default/template/magiczoom/templates/bottom.tpl.php
CREATE FILE app/design/frontend/base/default/template/magiczoom/templates/left.tpl.php
CREATE FILE app/design/frontend/base/default/template/magiczoom/templates/top.tpl.php
CREATE FILE app/design/frontend/base/default/template/magiczoom/templates/original.tpl.php
CREATE FILE app/design/frontend/base/default/template/magiczoom/media.phtml
CREATE FILE app/design/frontend/base/default/template/magiczoom/product_viewed.phtml
CREATE FILE app/design/frontend/base/default/layout/magiczoom.xml
CREATE DIR js/magiczoom
CREATE FILE js/magiczoom/menu.js
CREATE FILE js/magiczoom/iehover-fix.js
CREATE DIR skin/adminhtml/default/default/magiczoom
CREATE FILE skin/adminhtml/default/default/magiczoom/magicscroll.png
CREATE FILE skin/adminhtml/default/default/magiczoom/style.css
CREATE FILE skin/adminhtml/default/default/magiczoom/options.js
CREATE FILE skin/frontend/base/default/js/magictoolbox.utils.js
CREATE FILE skin/frontend/base/default/js/magicscroll.js
CREATE FILE skin/frontend/base/default/js/magiczoom.js
CREATE FILE skin/frontend/base/default/js/magictoolbox_utils.js
CREATE DIR skin/frontend/base/default/css/magiczoom
CREATE FILE skin/frontend/base/default/css/magiczoom/magiczoom.css
CREATE FILE skin/frontend/base/default/css/magiczoom/magicscroll.css
CREATE DIR skin/frontend/base/default/css/magiczoom/graphics
CREATE FILE skin/frontend/base/default/css/magiczoom/graphics/arrows-small.png
CREATE FILE skin/frontend/base/default/css/magiczoom/graphics/arrows-padding.png
CREATE FILE skin/frontend/base/default/css/magiczoom/graphics/arrows.png
CREATE FILE skin/frontend/base/default/css/magiczoom/graphics/loader.gif
CREATE FILE skin/frontend/base/default/css/magiczoom/graphics/arrows-big.png
CREATE FILE skin/frontend/base/default/css/magiczoom/graphics/hint.gif
CREATE FILE app/etc/modules/MagicToolbox_MagicZoom.xml
